c:\users\workstation\desktop\facultate\al doilea pas\first year, first semester\programarea aplicatiilor securizate\clabs\day1cryptolibsol\day2cryptolibproj\debug\vc143.pdb
c:\users\workstation\desktop\facultate\al doilea pas\first year, first semester\programarea aplicatiilor securizate\clabs\day1cryptolibsol\day2cryptolibproj\debug\vc143.idb
c:\users\workstation\desktop\facultate\al doilea pas\first year, first semester\programarea aplicatiilor securizate\clabs\day1cryptolibsol\day2cryptolibproj\debug\todo_2_ecb.obj
c:\users\workstation\desktop\facultate\al doilea pas\first year, first semester\programarea aplicatiilor securizate\clabs\day1cryptolibsol\day2cryptolibproj\debug\todo_1_ecb.obj
c:\users\workstation\desktop\facultate\al doilea pas\first year, first semester\programarea aplicatiilor securizate\clabs\day1cryptolibsol\day2cryptolibproj\debug\ex35_rsa_verify.obj
c:\users\workstation\desktop\facultate\al doilea pas\first year, first semester\programarea aplicatiilor securizate\clabs\day1cryptolibsol\day2cryptolibproj\debug\ex34_rsa_sign.obj
c:\users\workstation\desktop\facultate\al doilea pas\first year, first semester\programarea aplicatiilor securizate\clabs\day1cryptolibsol\day2cryptolibproj\debug\ex33_rsa_keypair_gen.obj
c:\users\workstation\desktop\facultate\al doilea pas\first year, first semester\programarea aplicatiilor securizate\clabs\day1cryptolibsol\day2cryptolibproj\debug\ex31_aes_ecb.obj
c:\users\workstation\desktop\facultate\al doilea pas\first year, first semester\programarea aplicatiilor securizate\clabs\day1cryptolibsol\day2cryptolibproj\debug\ex31_aes_cbc.obj
c:\users\workstation\desktop\facultate\al doilea pas\first year, first semester\programarea aplicatiilor securizate\clabs\day1cryptolibsol\debug\day2cryptolibproj.pdb
c:\users\workstation\desktop\facultate\al doilea pas\first year, first semester\programarea aplicatiilor securizate\clabs\day1cryptolibsol\day2cryptolibproj\debug\day2cryp.2e4b52fb.tlog\cl.command.1.tlog
c:\users\workstation\desktop\facultate\al doilea pas\first year, first semester\programarea aplicatiilor securizate\clabs\day1cryptolibsol\day2cryptolibproj\debug\day2cryp.2e4b52fb.tlog\cl.read.1.tlog
c:\users\workstation\desktop\facultate\al doilea pas\first year, first semester\programarea aplicatiilor securizate\clabs\day1cryptolibsol\day2cryptolibproj\debug\day2cryp.2e4b52fb.tlog\cl.write.1.tlog
c:\users\workstation\desktop\facultate\al doilea pas\first year, first semester\programarea aplicatiilor securizate\clabs\day1cryptolibsol\day2cryptolibproj\debug\day2cryp.2e4b52fb.tlog\link-cvtres.read.1.tlog
c:\users\workstation\desktop\facultate\al doilea pas\first year, first semester\programarea aplicatiilor securizate\clabs\day1cryptolibsol\day2cryptolibproj\debug\day2cryp.2e4b52fb.tlog\link-cvtres.write.1.tlog
c:\users\workstation\desktop\facultate\al doilea pas\first year, first semester\programarea aplicatiilor securizate\clabs\day1cryptolibsol\day2cryptolibproj\debug\day2cryp.2e4b52fb.tlog\link-rc.read.1.tlog
c:\users\workstation\desktop\facultate\al doilea pas\first year, first semester\programarea aplicatiilor securizate\clabs\day1cryptolibsol\day2cryptolibproj\debug\day2cryp.2e4b52fb.tlog\link-rc.write.1.tlog
c:\users\workstation\desktop\facultate\al doilea pas\first year, first semester\programarea aplicatiilor securizate\clabs\day1cryptolibsol\day2cryptolibproj\debug\day2cryp.2e4b52fb.tlog\link.command.1.tlog
c:\users\workstation\desktop\facultate\al doilea pas\first year, first semester\programarea aplicatiilor securizate\clabs\day1cryptolibsol\day2cryptolibproj\debug\day2cryp.2e4b52fb.tlog\link.delete.1.tlog
c:\users\workstation\desktop\facultate\al doilea pas\first year, first semester\programarea aplicatiilor securizate\clabs\day1cryptolibsol\day2cryptolibproj\debug\day2cryp.2e4b52fb.tlog\link.read.1.tlog
c:\users\workstation\desktop\facultate\al doilea pas\first year, first semester\programarea aplicatiilor securizate\clabs\day1cryptolibsol\day2cryptolibproj\debug\day2cryp.2e4b52fb.tlog\link.write.1.tlog
